Performing C SOURCE FILE Test CMAKE_HAVE_LIBC_PTHREAD failed with the following output:
Change Dir: /home/hyu419/git/VIMP/vimp/CMakeFiles/CMakeTmp

Run Build Command(s):/usr/bin/make cmTC_21554/fast && /usr/bin/make -f CMakeFiles/cmTC_21554.dir/build.make CMakeFiles/cmTC_21554.dir/build
make[1]: Entering directory '/home/hyu419/git/VIMP/vimp/CMakeFiles/CMakeTmp'
Building C object CMakeFiles/cmTC_21554.dir/src.c.o
/usr/bin/cc   -std=c11   -Wall -DCMAKE_HAVE_LIBC_PTHREAD   -o CMakeFiles/cmTC_21554.dir/src.c.o   -c /home/hyu419/git/VIMP/vimp/CMakeFiles/CMakeTmp/src.c
Linking C executable cmTC_21554
/usr/bin/cmake -E cmake_link_script CMakeFiles/cmTC_21554.dir/link.txt --verbose=1
/usr/bin/cc  -std=c11   -Wall -DCMAKE_HAVE_LIBC_PTHREAD    -rdynamic CMakeFiles/cmTC_21554.dir/src.c.o  -o cmTC_21554 
/usr/bin/ld: CMakeFiles/cmTC_21554.dir/src.c.o: in function `main':
src.c:(.text+0x46): undefined reference to `pthread_create'
/usr/bin/ld: src.c:(.text+0x52): undefined reference to `pthread_detach'
/usr/bin/ld: src.c:(.text+0x63): undefined reference to `pthread_join'
collect2: error: ld returned 1 exit status
make[1]: *** [CMakeFiles/cmTC_21554.dir/build.make:87: cmTC_21554] Error 1
make[1]: Leaving directory '/home/hyu419/git/VIMP/vimp/CMakeFiles/CMakeTmp'
make: *** [Makefile:121: cmTC_21554/fast] Error 2


Source file was:
#include <pthread.h>

void* test_func(void* data)
{
  return data;
}

int main(void)
{
  pthread_t thread;
  pthread_create(&thread, NULL, test_func, NULL);
  pthread_detach(thread);
  pthread_join(thread, NULL);
  pthread_atfork(NULL, NULL, NULL);
  pthread_exit(NULL);

  return 0;
}

Determining if the function pthread_create exists in the pthreads failed with the following output:
Change Dir: /home/hyu419/git/VIMP/vimp/CMakeFiles/CMakeTmp

Run Build Command(s):/usr/bin/make cmTC_05989/fast && /usr/bin/make -f CMakeFiles/cmTC_05989.dir/build.make CMakeFiles/cmTC_05989.dir/build
make[1]: Entering directory '/home/hyu419/git/VIMP/vimp/CMakeFiles/CMakeTmp'
Building C object CMakeFiles/cmTC_05989.dir/CheckFunctionExists.c.o
/usr/bin/cc   -std=c11   -Wall -DCHECK_FUNCTION_EXISTS=pthread_create   -o CMakeFiles/cmTC_05989.dir/CheckFunctionExists.c.o   -c /usr/share/cmake-3.16/Modules/CheckFunctionExists.c
Linking C executable cmTC_05989
/usr/bin/cmake -E cmake_link_script CMakeFiles/cmTC_05989.dir/link.txt --verbose=1
/usr/bin/cc  -std=c11   -Wall -DCHECK_FUNCTION_EXISTS=pthread_create    -rdynamic CMakeFiles/cmTC_05989.dir/CheckFunctionExists.c.o  -o cmTC_05989  -lpthreads 
/usr/bin/ld: cannot find -lpthreads
collect2: error: ld returned 1 exit status
make[1]: *** [CMakeFiles/cmTC_05989.dir/build.make:87: cmTC_05989] Error 1
make[1]: Leaving directory '/home/hyu419/git/VIMP/vimp/CMakeFiles/CMakeTmp'
make: *** [Makefile:121: cmTC_05989/fast] Error 2



Determining if the function sgemm_ exists failed with the following output:
Change Dir: /home/hyu419/git/VIMP/vimp/CMakeFiles/CMakeTmp

Run Build Command(s):/usr/bin/make cmTC_f0287/fast && /usr/bin/make -f CMakeFiles/cmTC_f0287.dir/build.make CMakeFiles/cmTC_f0287.dir/build
make[1]: Entering directory '/home/hyu419/git/VIMP/vimp/CMakeFiles/CMakeTmp'
Building C object CMakeFiles/cmTC_f0287.dir/CheckFunctionExists.c.o
/usr/bin/cc   -std=c11   -Wall -std=c11   -Wall -DCHECK_FUNCTION_EXISTS=sgemm_   -o CMakeFiles/cmTC_f0287.dir/CheckFunctionExists.c.o   -c /usr/share/cmake-3.16/Modules/CheckFunctionExists.c
Linking C executable cmTC_f0287
/usr/bin/cmake -E cmake_link_script CMakeFiles/cmTC_f0287.dir/link.txt --verbose=1
/usr/bin/cc  -std=c11   -Wall -std=c11   -Wall -DCHECK_FUNCTION_EXISTS=sgemm_    CMakeFiles/cmTC_f0287.dir/CheckFunctionExists.c.o  -o cmTC_f0287 
/usr/bin/ld: CMakeFiles/cmTC_f0287.dir/CheckFunctionExists.c.o: in function `main':
CheckFunctionExists.c:(.text+0x14): undefined reference to `sgemm_'
collect2: error: ld returned 1 exit status
make[1]: *** [CMakeFiles/cmTC_f0287.dir/build.make:87: cmTC_f0287] Error 1
make[1]: Leaving directory '/home/hyu419/git/VIMP/vimp/CMakeFiles/CMakeTmp'
make: *** [Makefile:121: cmTC_f0287/fast] Error 2



Determining if the function cheev_ exists failed with the following output:
Change Dir: /home/hyu419/git/VIMP/vimp/CMakeFiles/CMakeTmp

Run Build Command(s):/usr/bin/make cmTC_4c3cc/fast && /usr/bin/make -f CMakeFiles/cmTC_4c3cc.dir/build.make CMakeFiles/cmTC_4c3cc.dir/build
make[1]: Entering directory '/home/hyu419/git/VIMP/vimp/CMakeFiles/CMakeTmp'
Building C object CMakeFiles/cmTC_4c3cc.dir/CheckFunctionExists.c.o
/usr/bin/cc   -std=c11   -Wall -std=c11   -Wall -DCHECK_FUNCTION_EXISTS=cheev_   -o CMakeFiles/cmTC_4c3cc.dir/CheckFunctionExists.c.o   -c /usr/share/cmake-3.16/Modules/CheckFunctionExists.c
Linking C executable cmTC_4c3cc
/usr/bin/cmake -E cmake_link_script CMakeFiles/cmTC_4c3cc.dir/link.txt --verbose=1
/usr/bin/cc  -std=c11   -Wall -std=c11   -Wall -DCHECK_FUNCTION_EXISTS=cheev_    CMakeFiles/cmTC_4c3cc.dir/CheckFunctionExists.c.o  -o cmTC_4c3cc  /usr/lib/x86_64-linux-gnu/libblas.so 
/usr/bin/ld: CMakeFiles/cmTC_4c3cc.dir/CheckFunctionExists.c.o: in function `main':
CheckFunctionExists.c:(.text+0x14): undefined reference to `cheev_'
collect2: error: ld returned 1 exit status
make[1]: *** [CMakeFiles/cmTC_4c3cc.dir/build.make:88: cmTC_4c3cc] Error 1
make[1]: Leaving directory '/home/hyu419/git/VIMP/vimp/CMakeFiles/CMakeTmp'
make: *** [Makefile:121: cmTC_4c3cc/fast] Error 2



