Performing C SOURCE FILE Test CMAKE_HAVE_LIBC_PTHREAD failed with the following output:
Change Dir: /home/hongzhe/git/VIMP/vimp_python/CMakeFiles/CMakeTmp

Run Build Command(s):/usr/bin/make -f Makefile cmTC_42afa/fast && /usr/bin/make  -f CMakeFiles/cmTC_42afa.dir/build.make CMakeFiles/cmTC_42afa.dir/build
make[1]: Entering directory '/home/hongzhe/git/VIMP/vimp_python/CMakeFiles/CMakeTmp'
Building C object CMakeFiles/cmTC_42afa.dir/src.c.o
/usr/bin/cc -DCMAKE_HAVE_LIBC_PTHREAD  -std=c11   -Wall  -o CMakeFiles/cmTC_42afa.dir/src.c.o -c /home/hongzhe/git/VIMP/vimp_python/CMakeFiles/CMakeTmp/src.c
Linking C executable cmTC_42afa
/usr/local/bin/cmake -E cmake_link_script CMakeFiles/cmTC_42afa.dir/link.txt --verbose=1
/usr/bin/cc  -std=c11   -Wall  -rdynamic CMakeFiles/cmTC_42afa.dir/src.c.o -o cmTC_42afa 
CMakeFiles/cmTC_42afa.dir/src.c.o: In function `main':
src.c:(.text+0x3e): undefined reference to `pthread_create'
src.c:(.text+0x4a): undefined reference to `pthread_detach'
src.c:(.text+0x56): undefined reference to `pthread_cancel'
src.c:(.text+0x67): undefined reference to `pthread_join'
src.c:(.text+0x7b): undefined reference to `pthread_atfork'
collect2: error: ld returned 1 exit status
CMakeFiles/cmTC_42afa.dir/build.make:98: recipe for target 'cmTC_42afa' failed
make[1]: *** [cmTC_42afa] Error 1
make[1]: Leaving directory '/home/hongzhe/git/VIMP/vimp_python/CMakeFiles/CMakeTmp'
Makefile:127: recipe for target 'cmTC_42afa/fast' failed
make: *** [cmTC_42afa/fast] Error 2


Source file was:
#include <pthread.h>

static void* test_func(void* data)
{
  return data;
}

int main(void)
{
  pthread_t thread;
  pthread_create(&thread, NULL, test_func, NULL);
  pthread_detach(thread);
  pthread_cancel(thread);
  pthread_join(thread, NULL);
  pthread_atfork(NULL, NULL, NULL);
  pthread_exit(NULL);

  return 0;
}

Determining if the function pthread_create exists in the pthreads failed with the following output:
Change Dir: /home/hongzhe/git/VIMP/vimp_python/CMakeFiles/CMakeTmp

Run Build Command(s):/usr/bin/make -f Makefile cmTC_84aff/fast && /usr/bin/make  -f CMakeFiles/cmTC_84aff.dir/build.make CMakeFiles/cmTC_84aff.dir/build
make[1]: Entering directory '/home/hongzhe/git/VIMP/vimp_python/CMakeFiles/CMakeTmp'
Building C object CMakeFiles/cmTC_84aff.dir/CheckFunctionExists.c.o
/usr/bin/cc   -std=c11   -Wall -DCHECK_FUNCTION_EXISTS=pthread_create -o CMakeFiles/cmTC_84aff.dir/CheckFunctionExists.c.o -c /usr/local/share/cmake-3.22/Modules/CheckFunctionExists.c
Linking C executable cmTC_84aff
/usr/local/bin/cmake -E cmake_link_script CMakeFiles/cmTC_84aff.dir/link.txt --verbose=1
/usr/bin/cc  -std=c11   -Wall -DCHECK_FUNCTION_EXISTS=pthread_create -rdynamic CMakeFiles/cmTC_84aff.dir/CheckFunctionExists.c.o -o cmTC_84aff  -lpthreads 
/usr/bin/ld: cannot find -lpthreads
collect2: error: ld returned 1 exit status
CMakeFiles/cmTC_84aff.dir/build.make:98: recipe for target 'cmTC_84aff' failed
make[1]: *** [cmTC_84aff] Error 1
make[1]: Leaving directory '/home/hongzhe/git/VIMP/vimp_python/CMakeFiles/CMakeTmp'
Makefile:127: recipe for target 'cmTC_84aff/fast' failed
make: *** [cmTC_84aff/fast] Error 2



