Performing C SOURCE FILE Test CMAKE_HAVE_LIBC_PTHREAD failed with the following output:
Change Dir: /home/hongzhe/git/MPVI/mpvi/build/CMakeFiles/CMakeTmp

Run Build Command(s):/usr/bin/ninja cmTC_bc9a6 && [1/2] Building C object CMakeFiles/cmTC_bc9a6.dir/src.c.o
[2/2] Linking C executable cmTC_bc9a6
FAILED: cmTC_bc9a6 
: && /usr/bin/gcc -std=c11   -Wall  CMakeFiles/cmTC_bc9a6.dir/src.c.o -o cmTC_bc9a6   && :
CMakeFiles/cmTC_bc9a6.dir/src.c.o: In function `main':
src.c:(.text+0x3e): undefined reference to `pthread_create'
src.c:(.text+0x4a): undefined reference to `pthread_detach'
src.c:(.text+0x56): undefined reference to `pthread_cancel'
src.c:(.text+0x67): undefined reference to `pthread_join'
src.c:(.text+0x7b): undefined reference to `pthread_atfork'
collect2: error: ld returned 1 exit status
ninja: build stopped: subcommand failed.


Source file was:
#include <pthread.h>

static void* test_func(void* data)
{
  return data;
}

int main(void)
{
  pthread_t thread;
  pthread_create(&thread, NULL, test_func, NULL);
  pthread_detach(thread);
  pthread_cancel(thread);
  pthread_join(thread, NULL);
  pthread_atfork(NULL, NULL, NULL);
  pthread_exit(NULL);

  return 0;
}

Determining if the function pthread_create exists in the pthreads failed with the following output:
Change Dir: /home/hongzhe/git/MPVI/mpvi/build/CMakeFiles/CMakeTmp

Run Build Command(s):/usr/bin/ninja cmTC_8bd26 && [1/2] Building C object CMakeFiles/cmTC_8bd26.dir/CheckFunctionExists.c.o
[2/2] Linking C executable cmTC_8bd26
FAILED: cmTC_8bd26 
: && /usr/bin/gcc -std=c11   -Wall -DCHECK_FUNCTION_EXISTS=pthread_create  CMakeFiles/cmTC_8bd26.dir/CheckFunctionExists.c.o -o cmTC_8bd26  -lpthreads && :
/usr/bin/ld: cannot find -lpthreads
collect2: error: ld returned 1 exit status
ninja: build stopped: subcommand failed.



